# JRE version: OpenJDK Runtime Environment JBR-17.0.6+10-829.5-jcef (17.0.6+10) (build 17.0.6+10-b829.5)
# Java VM: OpenJDK 64-Bit Server VM JBR-17.0.6+10-829.5-jcef (17.0.6+10-b829.5, mixed mode, tiered, compressed oops, compressed class ptrs, g1 gc, windows-amd64)
GC Precious Log:
 CPUs: 8 total, 8 available
 Memory: 8066M
 Large Page Support: Disabled
 NUMA Support: Disabled
 Compressed Oops: Enabled (32-bit)
 Heap Region Size: 1M
 Heap Min Capacity: 8M
 Heap Initial Capacity: 128M
 Heap Max Capacity: 2018M
 Pre-touch: Disabled
 Parallel Workers: 8
 Concurrent Workers: 2
 Concurrent Refinement Workers: 8
 Periodic GC: Disabled
Heap:
 garbage-first heap   total 79872K, used 24685K [0x0000000081e00000, 0x0000000100000000)
  region size 1024K, 13 young (13312K), 6 survivors (6144K)
 Metaspace       used 31931K, committed 32192K, reserved 1081344K
  class space    used 3513K, committed 3648K, reserved 1048576K
GC Heap History (16 events):
Event: 0.729 GC heap before
{Heap before GC invocations=0 (full 0):
 garbage-first heap   total 131072K, used 23552K [0x0000000081e00000, 0x0000000100000000)
  region size 1024K, 23 young (23552K), 0 survivors (0K)
 Metaspace       used 14338K, committed 14528K, reserved 1064960K
  class space    used 1466K, committed 1536K, reserved 1048576K
}
Event: 0.733 GC heap after
{Heap after GC invocations=1 (full 0):
 garbage-first heap   total 131072K, used 3992K [0x0000000081e00000, 0x0000000100000000)
  region size 1024K, 3 young (3072K), 3 survivors (3072K)
 Metaspace       used 14338K, committed 14528K, reserved 1064960K
  class space    used 1466K, committed 1536K, reserved 1048576K
}
Event: 1.233 GC heap before
{Heap before GC invocations=1 (full 0):
 garbage-first heap   total 131072K, used 33688K [0x0000000081e00000, 0x0000000100000000)
  region size 1024K, 32 young (32768K), 3 survivors (3072K)
 Metaspace       used 19080K, committed 19264K, reserved 1073152K
  class space    used 2093K, committed 2176K, reserved 1048576K
}
Event: 1.239 GC heap after
{Heap after GC invocations=2 (full 0):
 garbage-first heap   total 131072K, used 5896K [0x0000000081e00000, 0x0000000100000000)
  region size 1024K, 2 young (2048K), 2 survivors (2048K)
 Metaspace       used 19080K, committed 19264K, reserved 1073152K
  class space    used 2093K, committed 2176K, reserved 1048576K
}
Event: 1.525 GC heap before
{Heap before GC invocations=2 (full 0):
 garbage-first heap   total 131072K, used 18184K [0x0000000081e00000, 0x0000000100000000)
  region size 1024K, 15 young (15360K), 2 survivors (2048K)
 Metaspace       used 21314K, committed 21504K, reserved 1073152K
  class space    used 2343K, committed 2496K, reserved 1048576K
}
Event: 1.529 GC heap after
{Heap after GC invocations=3 (full 0):
 garbage-first heap   total 131072K, used 6738K [0x0000000081e00000, 0x0000000100000000)
  region size 1024K, 3 young (3072K), 3 survivors (3072K)
 Metaspace       used 21314K, committed 21504K, reserved 1073152K
  class space    used 2343K, committed 2496K, reserved 1048576K
}
Event: 1.790 GC heap before
{Heap before GC invocations=4 (full 0):
 garbage-first heap   total 27648K, used 20050K [0x0000000081e00000, 0x0000000100000000)
  region size 1024K, 17 young (17408K), 3 survivors (3072K)
 Metaspace       used 22241K, committed 22464K, reserved 1073152K
  class space    used 2427K, committed 2560K, reserved 1048576K
}
Event: 1.798 GC heap after
{Heap after GC invocations=5 (full 0):
 garbage-first heap   total 27648K, used 7969K [0x0000000081e00000, 0x0000000100000000)
  region size 1024K, 4 young (4096K), 4 survivors (4096K)
 Metaspace       used 22241K, committed 22464K, reserved 1073152K
  class space    used 2427K, committed 2560K, reserved 1048576K
}
Event: 1.824 GC heap before
{Heap before GC invocations=5 (full 0):
 garbage-first heap   total 27648K, used 8993K [0x0000000081e00000, 0x0000000100000000)
  region size 1024K, 5 young (5120K), 4 survivors (4096K)
 Metaspace       used 22259K, committed 22528K, reserved 1073152K
  class space    used 2427K, committed 2560K, reserved 1048576K
}
Event: 1.831 GC heap after
{Heap after GC invocations=6 (full 0):
 garbage-first heap   total 27648K, used 8297K [0x0000000081e00000, 0x0000000100000000)
  region size 1024K, 1 young (1024K), 1 survivors (1024K)
 Metaspace       used 22259K, committed 22528K, reserved 1073152K
  class space    used 2427K, committed 2560K, reserved 1048576K
}
Event: 2.086 GC heap before
{Heap before GC invocations=6 (full 0):
 garbage-first heap   total 27648K, used 19561K [0x0000000081e00000, 0x0000000100000000)
  region size 1024K, 12 young (12288K), 1 survivors (1024K)
 Metaspace       used 23015K, committed 23232K, reserved 1073152K
  class space    used 2507K, committed 2624K, reserved 1048576K
}
Event: 2.088 GC heap after
{Heap after GC invocations=7 (full 0):
 garbage-first heap   total 79872K, used 8341K [0x0000000081e00000, 0x0000000100000000)
  region size 1024K, 1 young (1024K), 1 survivors (1024K)
 Metaspace       used 23015K, committed 23232K, reserved 1073152K
  class space    used 2507K, committed 2624K, reserved 1048576K
}
Event: 2.938 GC heap before
{Heap before GC invocations=7 (full 0):
 garbage-first heap   total 79872K, used 54421K [0x0000000081e00000, 0x0000000100000000)
  region size 1024K, 46 young (47104K), 1 survivors (1024K)
 Metaspace       used 23809K, committed 24064K, reserved 1073152K
  class space    used 2548K, committed 2688K, reserved 1048576K
}
Event: 2.942 GC heap after
{Heap after GC invocations=8 (full 0):
 garbage-first heap   total 79872K, used 9427K [0x0000000081e00000, 0x0000000100000000)
  region size 1024K, 2 young (2048K), 2 survivors (2048K)
 Metaspace       used 23809K, committed 24064K, reserved 1073152K
  class space    used 2548K, committed 2688K, reserved 1048576K
}
Event: 4.180 GC heap before
{Heap before GC invocations=8 (full 0):
 garbage-first heap   total 79872K, used 57555K [0x0000000081e00000, 0x0000000100000000)
  region size 1024K, 46 young (47104K), 2 survivors (2048K)
 Metaspace       used 31468K, committed 31744K, reserved 1081344K
  class space    used 3458K, committed 3584K, reserved 1048576K
}
Event: 4.198 GC heap after
{Heap after GC invocations=9 (full 0):
 garbage-first heap   total 79872K, used 16493K [0x0000000081e00000, 0x0000000100000000)
  region size 1024K, 6 young (6144K), 6 survivors (6144K)
 Metaspace       used 31468K, committed 31744K, reserved 1081344K
  class space    used 3458K, committed 3584K, reserved 1048576K
}

